# JRE version: Java(TM) SE Runtime Environment (22.0.2+9) (build 22.0.2+9-70)
# Java VM: Java HotSpot(TM) 64-Bit Server VM (22.0.2+9-70, mixed mode, sharing, tiered, compressed oops, compressed class ptrs, g1 gc, windows-amd64)
GC Precious Log:
 CardTable entry size: 512
 Card Set container configuration: InlinePtr #cards 4 size 8 Array Of Cards #cards 32 size 80 Howl #buckets 8 coarsen threshold 7372 Howl Bitmap #cards 1024 size 144 coarsen threshold 921 Card regions per heap region 1 cards per card region 8192
 CPUs: 8 total, 8 available
 Memory: 16190M
 Large Page Support: Disabled
 NUMA Support: Disabled
 Compressed Oops: Enabled (Zero based)
 Heap Region Size: 4M
 Heap Min Capacity: 8M
 Heap Initial Capacity: 256M
 Heap Max Capacity: 8G
 Pre-touch: Disabled
 Parallel Workers: 8
 Concurrent Workers: 2
 Concurrent Refinement Workers: 8
 Periodic GC: Disabled
Heap:
 garbage-first heap   total reserved 8388608K, committed 307200K, used 189167K [0x0000000600000000, 0x0000000800000000)
  region size 4096K, 5 young (20480K), 4 survivors (16384K)
 Metaspace       used 162788K, committed 165760K, reserved 1245184K
  class space    used 21491K, committed 22912K, reserved 1048576K
GC Heap History (20 events):
Event: 231.865 GC heap before
{Heap before GC invocations=51 (full 0):
 garbage-first heap   total reserved 8388608K, committed 262144K, used 229433K [0x0000000600000000, 0x0000000800000000)
  region size 4096K, 21 young (86016K), 3 survivors (12288K)
 Metaspace       used 127771K, committed 130560K, reserved 1179648K
  class space    used 17721K, committed 19072K, reserved 1048576K
}
Event: 231.890 GC heap after
{Heap after GC invocations=52 (full 0):
 garbage-first heap   total reserved 8388608K, committed 262144K, used 162164K [0x0000000600000000, 0x0000000800000000)
  region size 4096K, 3 young (12288K), 3 survivors (12288K)
 Metaspace       used 127771K, committed 130560K, reserved 1179648K
  class space    used 17721K, committed 19072K, reserved 1048576K
}
Event: 236.964 GC heap before
{Heap before GC invocations=53 (full 0):
 garbage-first heap   total reserved 8388608K, committed 274432K, used 231796K [0x0000000600000000, 0x0000000800000000)
  region size 4096K, 20 young (81920K), 3 survivors (12288K)
 Metaspace       used 138160K, committed 140992K, reserved 1179648K
  class space    used 18830K, committed 20160K, reserved 1048576K
}
Event: 236.988 GC heap after
{Heap after GC invocations=54 (full 0):
 garbage-first heap   total reserved 8388608K, committed 274432K, used 165479K [0x0000000600000000, 0x0000000800000000)
  region size 4096K, 3 young (12288K), 3 survivors (12288K)
 Metaspace       used 138160K, committed 140992K, reserved 1179648K
  class space    used 18830K, committed 20160K, reserved 1048576K
}
Event: 244.161 GC heap before
{Heap before GC invocations=54 (full 0):
 garbage-first heap   total reserved 8388608K, committed 274432K, used 235111K [0x0000000600000000, 0x0000000800000000)
  region size 4096K, 21 young (86016K), 3 survivors (12288K)
 Metaspace       used 145071K, committed 147968K, reserved 1179648K
  class space    used 19541K, committed 20928K, reserved 1048576K
}
Event: 244.192 GC heap after
{Heap after GC invocations=55 (full 0):
 garbage-first heap   total reserved 8388608K, committed 274432K, used 170113K [0x0000000600000000, 0x0000000800000000)
  region size 4096K, 3 young (12288K), 3 survivors (12288K)
 Metaspace       used 145071K, committed 147968K, reserved 1179648K
  class space    used 19541K, committed 20928K, reserved 1048576K
}
Event: 248.845 GC heap before
{Heap before GC invocations=55 (full 0):
 garbage-first heap   total reserved 8388608K, committed 274432K, used 239745K [0x0000000600000000, 0x0000000800000000)
  region size 4096K, 21 young (86016K), 3 survivors (12288K)
 Metaspace       used 150245K, committed 153088K, reserved 1245184K
  class space    used 20089K, committed 21440K, reserved 1048576K
}
Event: 248.858 GC heap after
{Heap after GC invocations=56 (full 0):
 garbage-first heap   total reserved 8388608K, committed 274432K, used 175353K [0x0000000600000000, 0x0000000800000000)
  region size 4096K, 2 young (8192K), 2 survivors (8192K)
 Metaspace       used 150245K, committed 153088K, reserved 1245184K
  class space    used 20089K, committed 21440K, reserved 1048576K
}
Event: 252.575 GC heap before
{Heap before GC invocations=57 (full 0):
 garbage-first heap   total reserved 8388608K, committed 303104K, used 240889K [0x0000000600000000, 0x0000000800000000)
  region size 4096K, 18 young (73728K), 2 survivors (8192K)
 Metaspace       used 154805K, committed 157696K, reserved 1245184K
  class space    used 20726K, committed 22080K, reserved 1048576K
}
Event: 252.587 GC heap after
{Heap after GC invocations=58 (full 0):
 garbage-first heap   total reserved 8388608K, committed 303104K, used 178560K [0x0000000600000000, 0x0000000800000000)
  region size 4096K, 3 young (12288K), 3 survivors (12288K)
 Metaspace       used 154805K, committed 157696K, reserved 1245184K
  class space    used 20726K, committed 22080K, reserved 1048576K
}
Event: 257.262 GC heap before
{Heap before GC invocations=58 (full 0):
 garbage-first heap   total reserved 8388608K, committed 303104K, used 264576K [0x0000000600000000, 0x0000000800000000)
  region size 4096K, 24 young (98304K), 3 survivors (12288K)
 Metaspace       used 157207K, committed 160192K, reserved 1245184K
  class space    used 21044K, committed 22464K, reserved 1048576K
}
Event: 257.302 GC heap after
{Heap after GC invocations=59 (full 0):
 garbage-first heap   total reserved 8388608K, committed 303104K, used 184286K [0x0000000600000000, 0x0000000800000000)
  region size 4096K, 3 young (12288K), 3 survivors (12288K)
 Metaspace       used 157207K, committed 160192K, reserved 1245184K
  class space    used 21044K, committed 22464K, reserved 1048576K
}
Event: 268.374 GC heap before
{Heap before GC invocations=59 (full 0):
 garbage-first heap   total reserved 8388608K, committed 303104K, used 266206K [0x0000000600000000, 0x0000000800000000)
  region size 4096K, 23 young (94208K), 3 survivors (12288K)
 Metaspace       used 161448K, committed 164352K, reserved 1245184K
  class space    used 21376K, committed 22784K, reserved 1048576K
}
Event: 268.384 GC heap after
{Heap after GC invocations=60 (full 0):
 garbage-first heap   total reserved 8388608K, committed 303104K, used 180084K [0x0000000600000000, 0x0000000800000000)
  region size 4096K, 1 young (4096K), 1 survivors (4096K)
 Metaspace       used 161448K, committed 164352K, reserved 1245184K
  class space    used 21376K, committed 22784K, reserved 1048576K
}
Event: 271.754 GC heap before
{Heap before GC invocations=61 (full 0):
 garbage-first heap   total reserved 8388608K, committed 307200K, used 274292K [0x0000000600000000, 0x0000000800000000)
  region size 4096K, 24 young (98304K), 1 survivors (4096K)
 Metaspace       used 162606K, committed 165568K, reserved 1245184K
  class space    used 21491K, committed 22912K, reserved 1048576K
}
Event: 271.762 GC heap after
{Heap after GC invocations=62 (full 0):
 garbage-first heap   total reserved 8388608K, committed 307200K, used 182807K [0x0000000600000000, 0x0000000800000000)
  region size 4096K, 2 young (8192K), 2 survivors (8192K)
 Metaspace       used 162606K, committed 165568K, reserved 1245184K
  class space    used 21491K, committed 22912K, reserved 1048576K
}
Event: 283.127 GC heap before
{Heap before GC invocations=62 (full 0):
 garbage-first heap   total reserved 8388608K, committed 307200K, used 268823K [0x0000000600000000, 0x0000000800000000)
  region size 4096K, 24 young (98304K), 2 survivors (8192K)
 Metaspace       used 162673K, committed 165632K, reserved 1245184K
  class space    used 21491K, committed 22912K, reserved 1048576K
}
Event: 283.141 GC heap after
{Heap after GC invocations=63 (full 0):
 garbage-first heap   total reserved 8388608K, committed 307200K, used 180851K [0x0000000600000000, 0x0000000800000000)
  region size 4096K, 3 young (12288K), 3 survivors (12288K)
 Metaspace       used 162673K, committed 165632K, reserved 1245184K
  class space    used 21491K, committed 22912K, reserved 1048576K
}
Event: 284.423 GC heap before
{Heap before GC invocations=63 (full 0):
 garbage-first heap   total reserved 8388608K, committed 307200K, used 270963K [0x0000000600000000, 0x0000000800000000)
  region size 4096K, 25 young (102400K), 3 survivors (12288K)
 Metaspace       used 162759K, committed 165696K, reserved 1245184K
  class space    used 21491K, committed 22912K, reserved 1048576K
}
Event: 284.437 GC heap after
{Heap after GC invocations=64 (full 0):
 garbage-first heap   total reserved 8388608K, committed 307200K, used 189167K [0x0000000600000000, 0x0000000800000000)
  region size 4096K, 4 young (16384K), 4 survivors (16384K)
 Metaspace       used 162759K, committed 165696K, reserved 1245184K
  class space    used 21491K, committed 22912K, reserved 1048576K
}

