# JRE version: OpenJDK Runtime Environment (21.0.8) (build 21.0.8+-14018985-b1038.68)
# Java VM: OpenJDK 64-Bit Server VM (21.0.8+-14018985-b1038.68, mixed mode, tiered, compressed oops, compressed class ptrs, g1 gc, windows-amd64)
GC Precious Log:
 CardTable entry size: 512
 Card Set container configuration: InlinePtr #cards 4 size 8 Array Of Cards #cards 32 size 80 Howl #buckets 8 coarsen threshold 7372 Howl Bitmap #cards 1024 size 144 coarsen threshold 921 Card regions per heap region 1 cards per card region 8192
 CPUs: 8 total, 8 available
 Memory: 16190M
 Large Page Support: Disabled
 NUMA Support: Disabled
 Compressed Oops: Enabled (Zero based)
 Heap Region Size: 4M
 Heap Min Capacity: 8M
 Heap Initial Capacity: 256M
 Heap Max Capacity: 8G
 Pre-touch: Disabled
 Parallel Workers: 8
 Concurrent Workers: 2
 Concurrent Refinement Workers: 8
 Periodic GC: Disabled
Heap:
 garbage-first heap   total 626688K, used 324075K [0x0000000600000000, 0x0000000800000000)
  region size 4096K, 4 young (16384K), 4 survivors (16384K)
 Metaspace       used 189959K, committed 192384K, reserved 1245184K
  class space    used 25593K, committed 26752K, reserved 1048576K
GC Heap History (20 events):
Event: 563.975 GC heap after
{Heap after GC invocations=141 (full 0):
 garbage-first heap   total 520192K, used 310694K [0x0000000600000000, 0x0000000800000000)
  region size 4096K, 3 young (12288K), 3 survivors (12288K)
 Metaspace       used 189735K, committed 192192K, reserved 1245184K
  class space    used 25572K, committed 26752K, reserved 1048576K
}
Event: 565.633 GC heap before
{Heap before GC invocations=141 (full 0):
 garbage-first heap   total 520192K, used 474534K [0x0000000600000000, 0x0000000800000000)
  region size 4096K, 44 young (180224K), 3 survivors (12288K)
 Metaspace       used 189754K, committed 192192K, reserved 1245184K
  class space    used 25572K, committed 26752K, reserved 1048576K
}
Event: 565.654 GC heap after
{Heap after GC invocations=142 (full 0):
 garbage-first heap   total 520192K, used 313341K [0x0000000600000000, 0x0000000800000000)
  region size 4096K, 4 young (16384K), 4 survivors (16384K)
 Metaspace       used 189754K, committed 192192K, reserved 1245184K
  class space    used 25572K, committed 26752K, reserved 1048576K
}
Event: 567.382 GC heap before
{Heap before GC invocations=142 (full 0):
 garbage-first heap   total 520192K, used 473085K [0x0000000600000000, 0x0000000800000000)
  region size 4096K, 43 young (176128K), 4 survivors (16384K)
 Metaspace       used 189768K, committed 192256K, reserved 1245184K
  class space    used 25572K, committed 26752K, reserved 1048576K
}
Event: 567.405 GC heap after
{Heap after GC invocations=143 (full 0):
 garbage-first heap   total 626688K, used 324167K [0x0000000600000000, 0x0000000800000000)
  region size 4096K, 5 young (20480K), 5 survivors (20480K)
 Metaspace       used 189768K, committed 192256K, reserved 1245184K
  class space    used 25572K, committed 26752K, reserved 1048576K
}
Event: 569.448 GC heap before
{Heap before GC invocations=144 (full 0):
 garbage-first heap   total 626688K, used 561735K [0x0000000600000000, 0x0000000800000000)
  region size 4096K, 64 young (262144K), 5 survivors (20480K)
 Metaspace       used 189829K, committed 192256K, reserved 1245184K
  class space    used 25585K, committed 26752K, reserved 1048576K
}
Event: 569.475 GC heap after
{Heap after GC invocations=145 (full 0):
 garbage-first heap   total 626688K, used 332502K [0x0000000600000000, 0x0000000800000000)
  region size 4096K, 7 young (28672K), 7 survivors (28672K)
 Metaspace       used 189829K, committed 192256K, reserved 1245184K
  class space    used 25585K, committed 26752K, reserved 1048576K
}
Event: 571.849 GC heap before
{Heap before GC invocations=145 (full 0):
 garbage-first heap   total 626688K, used 549590K [0x0000000600000000, 0x0000000800000000)
  region size 4096K, 61 young (249856K), 7 survivors (28672K)
 Metaspace       used 189866K, committed 192320K, reserved 1245184K
  class space    used 25591K, committed 26752K, reserved 1048576K
}
Event: 571.879 GC heap after
{Heap after GC invocations=146 (full 0):
 garbage-first heap   total 626688K, used 330108K [0x0000000600000000, 0x0000000800000000)
  region size 4096K, 3 young (12288K), 3 survivors (12288K)
 Metaspace       used 189866K, committed 192320K, reserved 1245184K
  class space    used 25591K, committed 26752K, reserved 1048576K
}
Event: 573.510 GC heap before
{Heap before GC invocations=146 (full 0):
 garbage-first heap   total 626688K, used 575868K [0x0000000600000000, 0x0000000800000000)
  region size 4096K, 63 young (258048K), 3 survivors (12288K)
 Metaspace       used 189874K, committed 192320K, reserved 1245184K
  class space    used 25591K, committed 26752K, reserved 1048576K
}
Event: 573.524 GC heap after
{Heap after GC invocations=147 (full 0):
 garbage-first heap   total 626688K, used 330430K [0x0000000600000000, 0x0000000800000000)
  region size 4096K, 3 young (12288K), 3 survivors (12288K)
 Metaspace       used 189874K, committed 192320K, reserved 1245184K
  class space    used 25591K, committed 26752K, reserved 1048576K
}
Event: 577.389 GC heap before
{Heap before GC invocations=148 (full 0):
 garbage-first heap   total 626688K, used 576190K [0x0000000600000000, 0x0000000800000000)
  region size 4096K, 63 young (258048K), 3 survivors (12288K)
 Metaspace       used 189918K, committed 192384K, reserved 1245184K
  class space    used 25593K, committed 26752K, reserved 1048576K
}
Event: 577.402 GC heap after
{Heap after GC invocations=149 (full 0):
 garbage-first heap   total 626688K, used 329493K [0x0000000600000000, 0x0000000800000000)
  region size 4096K, 3 young (12288K), 3 survivors (12288K)
 Metaspace       used 189918K, committed 192384K, reserved 1245184K
  class space    used 25593K, committed 26752K, reserved 1048576K
}
Event: 579.378 GC heap before
{Heap before GC invocations=149 (full 0):
 garbage-first heap   total 626688K, used 575253K [0x0000000600000000, 0x0000000800000000)
  region size 4096K, 63 young (258048K), 3 survivors (12288K)
 Metaspace       used 189922K, committed 192384K, reserved 1245184K
  class space    used 25593K, committed 26752K, reserved 1048576K
}
Event: 579.407 GC heap after
{Heap after GC invocations=150 (full 0):
 garbage-first heap   total 626688K, used 327655K [0x0000000600000000, 0x0000000800000000)
  region size 4096K, 3 young (12288K), 3 survivors (12288K)
 Metaspace       used 189922K, committed 192384K, reserved 1245184K
  class space    used 25593K, committed 26752K, reserved 1048576K
}
Event: 582.868 GC heap before
{Heap before GC invocations=150 (full 0):
 garbage-first heap   total 626688K, used 577511K [0x0000000600000000, 0x0000000800000000)
  region size 4096K, 64 young (262144K), 3 survivors (12288K)
 Metaspace       used 189932K, committed 192384K, reserved 1245184K
  class space    used 25593K, committed 26752K, reserved 1048576K
}
Event: 582.882 GC heap after
{Heap after GC invocations=151 (full 0):
 garbage-first heap   total 626688K, used 329043K [0x0000000600000000, 0x0000000800000000)
  region size 4096K, 4 young (16384K), 4 survivors (16384K)
 Metaspace       used 189932K, committed 192384K, reserved 1245184K
  class space    used 25593K, committed 26752K, reserved 1048576K
}
Event: 584.626 GC heap before
{Heap before GC invocations=152 (full 0):
 garbage-first heap   total 626688K, used 570707K [0x0000000600000000, 0x0000000800000000)
  region size 4096K, 63 young (258048K), 4 survivors (16384K)
 Metaspace       used 189941K, committed 192384K, reserved 1245184K
  class space    used 25593K, committed 26752K, reserved 1048576K
}
Event: 584.640 GC heap after
{Heap after GC invocations=153 (full 0):
 garbage-first heap   total 626688K, used 327655K [0x0000000600000000, 0x0000000800000000)
  region size 4096K, 3 young (12288K), 3 survivors (12288K)
 Metaspace       used 189941K, committed 192384K, reserved 1245184K
  class space    used 25593K, committed 26752K, reserved 1048576K
}
Event: 585.531 GC heap before
{Heap before GC invocations=153 (full 0):
 garbage-first heap   total 626688K, used 577511K [0x0000000600000000, 0x0000000800000000)
  region size 4096K, 64 young (262144K), 3 survivors (12288K)
 Metaspace       used 189959K, committed 192384K, reserved 1245184K
  class space    used 25593K, committed 26752K, reserved 1048576K
}

