# JRE version: OpenJDK Runtime Environment (21.0.8) (build 21.0.8+-14018985-b1038.68)
# Java VM: OpenJDK 64-Bit Server VM (21.0.8+-14018985-b1038.68, mixed mode, tiered, compressed oops, compressed class ptrs, g1 gc, windows-amd64)
GC Precious Log:
 CardTable entry size: 512
 Card Set container configuration: InlinePtr #cards 4 size 8 Array Of Cards #cards 16 size 48 Howl #buckets 8 coarsen threshold 3686 Howl Bitmap #cards 512 size 80 coarsen threshold 460 Card regions per heap region 1 cards per card region 4096
 CPUs: 8 total, 8 available
 Memory: 16190M
 Large Page Support: Disabled
 NUMA Support: Disabled
 Compressed Oops: Enabled (Zero based)
 Heap Region Size: 2M
 Heap Min Capacity: 8M
 Heap Initial Capacity: 254M
 Heap Max Capacity: 4048M
 Pre-touch: Disabled
 Parallel Workers: 8
 Concurrent Workers: 2
 Concurrent Refinement Workers: 8
 Periodic GC: Disabled
Heap:
 garbage-first heap   total 131072K, used 49482K [0x0000000703000000, 0x0000000800000000)
  region size 2048K, 8 young (16384K), 1 survivors (2048K)
 Metaspace       used 61377K, committed 61632K, reserved 1114112K
  class space    used 7433K, committed 7552K, reserved 1048576K
GC Heap History (18 events):
Event: 4.015 GC heap before
{Heap before GC invocations=0 (full 0):
 garbage-first heap   total 260096K, used 24576K [0x0000000703000000, 0x0000000800000000)
  region size 2048K, 11 young (22528K), 0 survivors (0K)
 Metaspace       used 13665K, committed 13824K, reserved 1114112K
  class space    used 1290K, committed 1344K, reserved 1048576K
}
Event: 4.026 GC heap after
{Heap after GC invocations=1 (full 0):
 garbage-first heap   total 260096K, used 6997K [0x0000000703000000, 0x0000000800000000)
  region size 2048K, 2 young (4096K), 2 survivors (4096K)
 Metaspace       used 13665K, committed 13824K, reserved 1114112K
  class space    used 1290K, committed 1344K, reserved 1048576K
}
Event: 5.853 GC heap before
{Heap before GC invocations=1 (full 0):
 garbage-first heap   total 260096K, used 27477K [0x0000000703000000, 0x0000000800000000)
  region size 2048K, 14 young (28672K), 2 survivors (4096K)
 Metaspace       used 21381K, committed 21504K, reserved 1114112K
  class space    used 2244K, committed 2304K, reserved 1048576K
}
Event: 5.861 GC heap after
{Heap after GC invocations=2 (full 0):
 garbage-first heap   total 260096K, used 8364K [0x0000000703000000, 0x0000000800000000)
  region size 2048K, 3 young (6144K), 3 survivors (6144K)
 Metaspace       used 21381K, committed 21504K, reserved 1114112K
  class space    used 2244K, committed 2304K, reserved 1048576K
}
Event: 7.661 GC heap before
{Heap before GC invocations=3 (full 0):
 garbage-first heap   total 34816K, used 32940K [0x0000000703000000, 0x0000000800000000)
  region size 2048K, 15 young (30720K), 3 survivors (6144K)
 Metaspace       used 25655K, committed 25856K, reserved 1114112K
  class space    used 2809K, committed 2880K, reserved 1048576K
}
Event: 7.679 GC heap after
{Heap after GC invocations=4 (full 0):
 garbage-first heap   total 47104K, used 14622K [0x0000000703000000, 0x0000000800000000)
  region size 2048K, 6 young (12288K), 6 survivors (12288K)
 Metaspace       used 25655K, committed 25856K, reserved 1114112K
  class space    used 2809K, committed 2880K, reserved 1048576K
}
Event: 8.374 GC heap before
{Heap before GC invocations=4 (full 0):
 garbage-first heap   total 47104K, used 28958K [0x0000000703000000, 0x0000000800000000)
  region size 2048K, 13 young (26624K), 6 survivors (12288K)
 Metaspace       used 29418K, committed 29696K, reserved 1114112K
  class space    used 3229K, committed 3392K, reserved 1048576K
}
Event: 8.394 GC heap after
{Heap after GC invocations=5 (full 0):
 garbage-first heap   total 47104K, used 15821K [0x0000000703000000, 0x0000000800000000)
  region size 2048K, 1 young (2048K), 1 survivors (2048K)
 Metaspace       used 29418K, committed 29696K, reserved 1114112K
  class space    used 3229K, committed 3392K, reserved 1048576K
}
Event: 9.113 GC heap before
{Heap before GC invocations=5 (full 0):
 garbage-first heap   total 47104K, used 36301K [0x0000000703000000, 0x0000000800000000)
  region size 2048K, 11 young (22528K), 1 survivors (2048K)
 Metaspace       used 34556K, committed 34816K, reserved 1114112K
  class space    used 4292K, committed 4416K, reserved 1048576K
}
Event: 9.120 GC heap after
{Heap after GC invocations=6 (full 0):
 garbage-first heap   total 47104K, used 17530K [0x0000000703000000, 0x0000000800000000)
  region size 2048K, 2 young (4096K), 2 survivors (4096K)
 Metaspace       used 34556K, committed 34816K, reserved 1114112K
  class space    used 4292K, committed 4416K, reserved 1048576K
}
Event: 9.229 GC heap before
{Heap before GC invocations=6 (full 0):
 garbage-first heap   total 47104K, used 21626K [0x0000000703000000, 0x0000000800000000)
  region size 2048K, 5 young (10240K), 2 survivors (4096K)
 Metaspace       used 35748K, committed 35968K, reserved 1114112K
  class space    used 4403K, committed 4544K, reserved 1048576K
}
Event: 9.238 GC heap after
{Heap after GC invocations=7 (full 0):
 garbage-first heap   total 47104K, used 18146K [0x0000000703000000, 0x0000000800000000)
  region size 2048K, 1 young (2048K), 1 survivors (2048K)
 Metaspace       used 35748K, committed 35968K, reserved 1114112K
  class space    used 4403K, committed 4544K, reserved 1048576K
}
Event: 10.112 GC heap before
{Heap before GC invocations=8 (full 0):
 garbage-first heap   total 47104K, used 34530K [0x0000000703000000, 0x0000000800000000)
  region size 2048K, 10 young (20480K), 1 survivors (2048K)
 Metaspace       used 40588K, committed 40768K, reserved 1114112K
  class space    used 4901K, committed 4992K, reserved 1048576K
}
Event: 10.120 GC heap after
{Heap after GC invocations=9 (full 0):
 garbage-first heap   total 153600K, used 18915K [0x0000000703000000, 0x0000000800000000)
  region size 2048K, 1 young (2048K), 1 survivors (2048K)
 Metaspace       used 40588K, committed 40768K, reserved 1114112K
  class space    used 4901K, committed 4992K, reserved 1048576K
}
Event: 13.849 GC heap before
{Heap before GC invocations=9 (full 0):
 garbage-first heap   total 153600K, used 106979K [0x0000000703000000, 0x0000000800000000)
  region size 2048K, 45 young (92160K), 1 survivors (2048K)
 Metaspace       used 55537K, committed 55744K, reserved 1114112K
  class space    used 6609K, committed 6720K, reserved 1048576K
}
Event: 13.889 GC heap after
{Heap after GC invocations=10 (full 0):
 garbage-first heap   total 153600K, used 34754K [0x0000000703000000, 0x0000000800000000)
  region size 2048K, 6 young (12288K), 6 survivors (12288K)
 Metaspace       used 55537K, committed 55744K, reserved 1114112K
  class space    used 6609K, committed 6720K, reserved 1048576K
}
Event: 15.041 GC heap before
{Heap before GC invocations=10 (full 0):
 garbage-first heap   total 153600K, used 51138K [0x0000000703000000, 0x0000000800000000)
  region size 2048K, 15 young (30720K), 6 survivors (12288K)
 Metaspace       used 60103K, committed 60288K, reserved 1114112K
  class space    used 7229K, committed 7296K, reserved 1048576K
}
Event: 15.067 GC heap after
{Heap after GC invocations=11 (full 0):
 garbage-first heap   total 153600K, used 37194K [0x0000000703000000, 0x0000000800000000)
  region size 2048K, 1 young (2048K), 1 survivors (2048K)
 Metaspace       used 60103K, committed 60288K, reserved 1114112K
  class space    used 7229K, committed 7296K, reserved 1048576K
}

