# JRE version: OpenJDK Runtime Environment (21.0.8) (build 21.0.8+-14018985-b1038.68)
# Java VM: OpenJDK 64-Bit Server VM (21.0.8+-14018985-b1038.68, mixed mode, tiered, compressed oops, compressed class ptrs, g1 gc, windows-amd64)
GC Precious Log:
 CardTable entry size: 512
 Card Set container configuration: InlinePtr #cards 4 size 8 Array Of Cards #cards 32 size 80 Howl #buckets 8 coarsen threshold 7372 Howl Bitmap #cards 1024 size 144 coarsen threshold 921 Card regions per heap region 1 cards per card region 8192
 CPUs: 8 total, 8 available
 Memory: 16190M
 Large Page Support: Disabled
 NUMA Support: Disabled
 Compressed Oops: Enabled (Zero based)
 Heap Region Size: 4M
 Heap Min Capacity: 8M
 Heap Initial Capacity: 256M
 Heap Max Capacity: 8G
 Pre-touch: Disabled
 Parallel Workers: 8
 Concurrent Workers: 2
 Concurrent Refinement Workers: 8
 Periodic GC: Disabled
Heap:
 garbage-first heap   total 172032K, used 133346K [0x0000000600000000, 0x0000000800000000)
  region size 4096K, 10 young (40960K), 2 survivors (8192K)
 Metaspace       used 99937K, committed 102016K, reserved 1179648K
  class space    used 14536K, committed 15552K, reserved 1048576K
GC Heap History (20 events):
Event: 70.461 GC heap before
{Heap before GC invocations=32 (full 0):
 garbage-first heap   total 118784K, used 103306K [0x0000000600000000, 0x0000000800000000)
  region size 4096K, 9 young (36864K), 1 survivors (4096K)
 Metaspace       used 89365K, committed 91392K, reserved 1179648K
  class space    used 12901K, committed 13888K, reserved 1048576K
}
Event: 70.477 GC heap after
{Heap after GC invocations=33 (full 0):
 garbage-first heap   total 118784K, used 72966K [0x0000000600000000, 0x0000000800000000)
  region size 4096K, 2 young (8192K), 2 survivors (8192K)
 Metaspace       used 89365K, committed 91392K, reserved 1179648K
  class space    used 12901K, committed 13888K, reserved 1048576K
}
Event: 70.954 GC heap before
{Heap before GC invocations=33 (full 0):
 garbage-first heap   total 118784K, used 93446K [0x0000000600000000, 0x0000000800000000)
  region size 4096K, 8 young (32768K), 2 survivors (8192K)
 Metaspace       used 89562K, committed 91520K, reserved 1179648K
  class space    used 12904K, committed 13888K, reserved 1048576K
}
Event: 70.965 GC heap after
{Heap after GC invocations=34 (full 0):
 garbage-first heap   total 118784K, used 74596K [0x0000000600000000, 0x0000000800000000)
  region size 4096K, 1 young (4096K), 1 survivors (4096K)
 Metaspace       used 89562K, committed 91520K, reserved 1179648K
  class space    used 12904K, committed 13888K, reserved 1048576K
}
Event: 71.335 GC heap before
{Heap before GC invocations=35 (full 0):
 garbage-first heap   total 131072K, used 95076K [0x0000000600000000, 0x0000000800000000)
  region size 4096K, 7 young (28672K), 1 survivors (4096K)
 Metaspace       used 89593K, committed 91584K, reserved 1179648K
  class space    used 12904K, committed 13888K, reserved 1048576K
}
Event: 71.341 GC heap after
{Heap after GC invocations=36 (full 0):
 garbage-first heap   total 131072K, used 75294K [0x0000000600000000, 0x0000000800000000)
  region size 4096K, 1 young (4096K), 1 survivors (4096K)
 Metaspace       used 89593K, committed 91584K, reserved 1179648K
  class space    used 12904K, committed 13888K, reserved 1048576K
}
Event: 71.812 GC heap before
{Heap before GC invocations=36 (full 0):
 garbage-first heap   total 131072K, used 108062K [0x0000000600000000, 0x0000000800000000)
  region size 4096K, 10 young (40960K), 1 survivors (4096K)
 Metaspace       used 89598K, committed 91584K, reserved 1179648K
  class space    used 12904K, committed 13888K, reserved 1048576K
}
Event: 71.824 GC heap after
{Heap after GC invocations=37 (full 0):
 garbage-first heap   total 131072K, used 76751K [0x0000000600000000, 0x0000000800000000)
  region size 4096K, 1 young (4096K), 1 survivors (4096K)
 Metaspace       used 89598K, committed 91584K, reserved 1179648K
  class space    used 12904K, committed 13888K, reserved 1048576K
}
Event: 72.571 GC heap before
{Heap before GC invocations=38 (full 0):
 garbage-first heap   total 131072K, used 109519K [0x0000000600000000, 0x0000000800000000)
  region size 4096K, 10 young (40960K), 1 survivors (4096K)
 Metaspace       used 89910K, committed 91904K, reserved 1179648K
  class space    used 12935K, committed 13888K, reserved 1048576K
}
Event: 72.584 GC heap after
{Heap after GC invocations=39 (full 0):
 garbage-first heap   total 131072K, used 89382K [0x0000000600000000, 0x0000000800000000)
  region size 4096K, 2 young (8192K), 2 survivors (8192K)
 Metaspace       used 89910K, committed 91904K, reserved 1179648K
  class space    used 12935K, committed 13888K, reserved 1048576K
}
Event: 116.498 GC heap before
{Heap before GC invocations=39 (full 0):
 garbage-first heap   total 131072K, used 109862K [0x0000000600000000, 0x0000000800000000)
  region size 4096K, 7 young (28672K), 2 survivors (8192K)
 Metaspace       used 90889K, committed 92864K, reserved 1179648K
  class space    used 13089K, committed 14080K, reserved 1048576K
}
Event: 116.504 GC heap after
{Heap after GC invocations=40 (full 0):
 garbage-first heap   total 131072K, used 90165K [0x0000000600000000, 0x0000000800000000)
  region size 4096K, 1 young (4096K), 1 survivors (4096K)
 Metaspace       used 90889K, committed 92864K, reserved 1179648K
  class space    used 13089K, committed 14080K, reserved 1048576K
}
Event: 157.908 GC heap before
{Heap before GC invocations=41 (full 0):
 garbage-first heap   total 159744K, used 110645K [0x0000000600000000, 0x0000000800000000)
  region size 4096K, 6 young (24576K), 1 survivors (4096K)
 Metaspace       used 91093K, committed 93056K, reserved 1179648K
  class space    used 13093K, committed 14080K, reserved 1048576K
}
Event: 157.921 GC heap after
{Heap after GC invocations=42 (full 0):
 garbage-first heap   total 159744K, used 93378K [0x0000000600000000, 0x0000000800000000)
  region size 4096K, 1 young (4096K), 1 survivors (4096K)
 Metaspace       used 91093K, committed 93056K, reserved 1179648K
  class space    used 13093K, committed 14080K, reserved 1048576K
}
Event: 193.350 GC heap before
{Heap before GC invocations=42 (full 0):
 garbage-first heap   total 159744K, used 138434K [0x0000000600000000, 0x0000000800000000)
  region size 4096K, 12 young (49152K), 1 survivors (4096K)
 Metaspace       used 91453K, committed 93440K, reserved 1179648K
  class space    used 13096K, committed 14080K, reserved 1048576K
}
Event: 193.365 GC heap after
{Heap after GC invocations=43 (full 0):
 garbage-first heap   total 159744K, used 94912K [0x0000000600000000, 0x0000000800000000)
  region size 4096K, 2 young (8192K), 2 survivors (8192K)
 Metaspace       used 91453K, committed 93440K, reserved 1179648K
  class space    used 13096K, committed 14080K, reserved 1048576K
}
Event: 194.423 GC heap before
{Heap before GC invocations=43 (full 0):
 garbage-first heap   total 159744K, used 135872K [0x0000000600000000, 0x0000000800000000)
  region size 4096K, 12 young (49152K), 2 survivors (8192K)
 Metaspace       used 91575K, committed 93632K, reserved 1179648K
  class space    used 13096K, committed 14080K, reserved 1048576K
}
Event: 194.438 GC heap after
{Heap after GC invocations=44 (full 0):
 garbage-first heap   total 159744K, used 97976K [0x0000000600000000, 0x0000000800000000)
  region size 4096K, 2 young (8192K), 2 survivors (8192K)
 Metaspace       used 91575K, committed 93632K, reserved 1179648K
  class space    used 13096K, committed 14080K, reserved 1048576K
}
Event: 205.583 GC heap before
{Heap before GC invocations=45 (full 0):
 garbage-first heap   total 172032K, used 130744K [0x0000000600000000, 0x0000000800000000)
  region size 4096K, 11 young (45056K), 2 survivors (8192K)
 Metaspace       used 96908K, committed 98880K, reserved 1179648K
  class space    used 14248K, committed 15232K, reserved 1048576K
}
Event: 205.597 GC heap after
{Heap after GC invocations=46 (full 0):
 garbage-first heap   total 172032K, used 100578K [0x0000000600000000, 0x0000000800000000)
  region size 4096K, 2 young (8192K), 2 survivors (8192K)
 Metaspace       used 96908K, committed 98880K, reserved 1179648K
  class space    used 14248K, committed 15232K, reserved 1048576K
}

